<?xml version="1.0" encoding="UTF-8"?>
<robot generator="Robot 5.0.1 (Python 3.10.7 on win32)" generated="20221024 23:04:31.642" rpa="false" schemaversion="3">
<suite id="s1" name="Test" source="C:\Robot\TestExplorer-lab\test.robot">
<test id="s1-t1" name="Caso de Teste 01: Abrir página" line="5">
<kw name="Acessar pagina" library="resource">
<kw name="Open Browser" library="SeleniumLibrary">
<arg>url=${URL}</arg>
<arg>browser=${BROWSER}</arg>
<doc>Opens a new browser instance to the optional ``url``.</doc>
<msg timestamp="20221024 23:04:32.225" level="INFO">Opening browser 'edge' to base url 'https://explorer-lab-nine.vercel.app/'.</msg>
<status status="PASS" starttime="20221024 23:04:32.225" endtime="20221024 23:04:35.151"/>
</kw>
<kw name="Title Should Be" library="SeleniumLibrary">
<arg>Rocketpay</arg>
<doc>Verifies that the current page title equals ``title``.</doc>
<msg timestamp="20221024 23:04:35.162" level="INFO">Page title is 'Rocketpay'.</msg>
<status status="PASS" starttime="20221024 23:04:35.152" endtime="20221024 23:04:35.162"/>
</kw>
<status status="PASS" starttime="20221024 23:04:32.224" endtime="20221024 23:04:35.163"/>
</kw>
<kw name="Digitar numero do cartao &quot;1111111111111111&quot;" library="resource" sourcename="Digitar numero do cartao &quot;${NUMERO-DO-CARTAO}&quot;">
<kw name="Input Text" library="SeleniumLibrary">
<arg>${INP-CARDNUMBER}</arg>
<arg>${NUMERO-DO-CARTAO}</arg>
<doc>Types the given ``text`` into the text field identified by ``locator``.</doc>
<msg timestamp="20221024 23:04:35.167" level="INFO">Typing text '1111111111111111' into text field 'css=input#card-number'.</msg>
<status status="PASS" starttime="20221024 23:04:35.165" endtime="20221024 23:04:35.418"/>
</kw>
<status status="PASS" starttime="20221024 23:04:35.164" endtime="20221024 23:04:35.418"/>
</kw>
<kw name="Digitar nome do cartao &quot;Testando nome&quot;" library="resource" sourcename="Digitar nome do cartao &quot;${NOME-DO-CARTAO}&quot;">
<kw name="Input Text" library="SeleniumLibrary">
<arg>${INP-CARDNAME}</arg>
<arg>${NOME-DO-CARTAO}</arg>
<doc>Types the given ``text`` into the text field identified by ``locator``.</doc>
<msg timestamp="20221024 23:04:35.422" level="INFO">Typing text 'Testando nome' into text field 'css=input#card-holder'.</msg>
<status status="PASS" starttime="20221024 23:04:35.421" endtime="20221024 23:04:35.554"/>
</kw>
<status status="PASS" starttime="20221024 23:04:35.420" endtime="20221024 23:04:35.554"/>
</kw>
<kw name="Digitar data de expiracao &quot;1222&quot;" library="resource" sourcename="Digitar data de expiracao &quot;${DATA-DE-EXPIRACAO}&quot;">
<kw name="Input Text" library="SeleniumLibrary">
<arg>${INP-EXPIRATIONDATE}</arg>
<arg>${DATA-DE-EXPIRACAO}</arg>
<doc>Types the given ``text`` into the text field identified by ``locator``.</doc>
<msg timestamp="20221024 23:04:35.557" level="INFO">Typing text '1222' into text field 'css=input#expiration-date'.</msg>
<status status="PASS" starttime="20221024 23:04:35.556" endtime="20221024 23:04:35.684"/>
</kw>
<status status="PASS" starttime="20221024 23:04:35.555" endtime="20221024 23:04:35.684"/>
</kw>
<kw name="Digitar codigo de seguranca &quot;999&quot;" library="resource" sourcename="Digitar codigo de seguranca &quot;${CVC-DO-CARTAO}&quot;">
<kw name="Input Text" library="SeleniumLibrary">
<arg>${INP-SECURITYCODE}</arg>
<arg>${CVC-DO-CARTAO}</arg>
<doc>Types the given ``text`` into the text field identified by ``locator``.</doc>
<msg timestamp="20221024 23:04:35.686" level="INFO">Typing text '999' into text field 'css=input#security-code'.</msg>
<status status="PASS" starttime="20221024 23:04:35.686" endtime="20221024 23:04:35.789"/>
</kw>
<status status="PASS" starttime="20221024 23:04:35.685" endtime="20221024 23:04:35.789"/>
</kw>
<kw name="Clicar em adicionar cartao" library="resource">
<kw name="Click Button" library="SeleniumLibrary">
<arg>${BTN-ADICIONARCARTAO}</arg>
<doc>Clicks the button identified by ``locator``.</doc>
<msg timestamp="20221024 23:04:35.796" level="INFO">Clicking button 'css=button#add-card'.</msg>
<status status="PASS" starttime="20221024 23:04:35.796" endtime="20221024 23:04:35.871"/>
</kw>
<status status="PASS" starttime="20221024 23:04:35.795" endtime="20221024 23:04:35.871"/>
</kw>
<kw name="Fechar navegador" library="resource">
<kw name="Close Browser" library="SeleniumLibrary">
<doc>Closes the current browser.</doc>
<status status="PASS" starttime="20221024 23:04:35.873" endtime="20221024 23:04:38.133"/>
</kw>
<status status="PASS" starttime="20221024 23:04:35.872" endtime="20221024 23:04:38.135"/>
</kw>
<status status="PASS" starttime="20221024 23:04:32.223" endtime="20221024 23:04:38.138"/>
</test>
<status status="PASS" starttime="20221024 23:04:31.645" endtime="20221024 23:04:38.148"/>
</suite>
<statistics>
<total>
<stat pass="1" fail="0" skip="0">All Tests</stat>
</total>
<tag>
</tag>
<suite>
<stat pass="1" fail="0" skip="0" id="s1" name="Test">Test</stat>
</suite>
</statistics>
<errors>
</errors>
</robot>
