<?xml version="1.0" encoding="UTF-8"?>
<robot generator="Robot 5.0.1 (Python 3.10.7 on win32)" generated="20221022 20:32:25.027" rpa="false" schemaversion="3">
<suite id="s1" name="meuTest" source="C:\Robot\meuTest.robot">
<test id="s1-t1" name="Caso numero 1" line="5">
<kw name="Minha primeira keyword!" library="meuResource">
<kw name="Log To Console" library="BuiltIn">
<arg>Hello, console!</arg>
<doc>Logs the given message to the console.</doc>
<status status="PASS" starttime="20221022 20:32:25.089" endtime="20221022 20:32:25.089"/>
</kw>
<status status="PASS" starttime="20221022 20:32:25.088" endtime="20221022 20:32:25.089"/>
</kw>
<status status="PASS" starttime="20221022 20:32:25.074" endtime="20221022 20:32:25.090"/>
</test>
<status status="PASS" starttime="20221022 20:32:25.043" endtime="20221022 20:32:25.094"/>
</suite>
<statistics>
<total>
<stat pass="1" fail="0" skip="0">All Tests</stat>
</total>
<tag>
</tag>
<suite>
<stat pass="1" fail="0" skip="0" id="s1" name="meuTest">meuTest</stat>
</suite>
</statistics>
<errors>
</errors>
</robot>
